<?xml version="1.0" encoding="UTF-8"?>
<coverage generated="1726727413055" clover="3.2.0">
  <project timestamp="1726727413055" name="All files">
    <metrics statements="43" coveredstatements="33" conditionals="12" coveredconditionals="10" methods="16" coveredmethods="11" elements="71" coveredelements="54" complexity="0" loc="43" ncloc="43" packages="2" files="5" classes="5"/>
    <package name="components">
      <metrics statements="42" coveredstatements="32" conditionals="12" coveredconditionals="10" methods="16" coveredmethods="11"/>
      <file name="Body.js" path="C:\Users\eswar\OneDrive\Desktop\React-Practice\src\components\Body.js">
        <metrics statements="18" coveredstatements="14" conditionals="4" coveredconditionals="3" methods="7" coveredmethods="5"/>
        <line num="8" count="1" type="stmt"/>
        <line num="10" count="6" type="stmt"/>
        <line num="12" count="6" type="stmt"/>
        <line num="14" count="6" type="stmt"/>
        <line num="16" count="6" type="stmt"/>
        <line num="18" count="6" type="cond" truecount="1" falsecount="1"/>
        <line num="19" count="0" type="stmt"/>
        <line num="22" count="6" type="cond" truecount="2" falsecount="0"/>
        <line num="23" count="2" type="stmt"/>
        <line num="26" count="4" type="stmt"/>
        <line num="36" count="1" type="stmt"/>
        <line num="41" count="1" type="stmt"/>
        <line num="42" count="20" type="stmt"/>
        <line num="44" count="1" type="stmt"/>
        <line num="54" count="0" type="stmt"/>
        <line num="55" count="0" type="stmt"/>
        <line num="57" count="0" type="stmt"/>
        <line num="67" count="60" type="stmt"/>
      </file>
      <file name="Contact.js" path="C:\Users\eswar\OneDrive\Desktop\React-Practice\src\components\Contact.js">
        <metrics statements="10" coveredstatements="5" conditionals="0" coveredconditionals="0" methods="3" coveredmethods="1"/>
        <line num="3" count="1" type="stmt"/>
        <line num="5" count="3" type="stmt"/>
        <line num="13" count="3" type="stmt"/>
        <line num="14" count="0" type="stmt"/>
        <line num="15" count="0" type="stmt"/>
        <line num="19" count="3" type="stmt"/>
        <line num="20" count="0" type="stmt"/>
        <line num="22" count="0" type="stmt"/>
        <line num="25" count="0" type="stmt"/>
        <line num="33" count="3" type="stmt"/>
      </file>
      <file name="Header.js" path="C:\Users\eswar\OneDrive\Desktop\React-Practice\src\components\Header.js">
        <metrics statements="6" coveredstatements="6" conditionals="2" coveredconditionals="1" methods="3" coveredmethods="3"/>
        <line num="11" count="1" type="stmt"/>
        <line num="13" count="2" type="stmt"/>
        <line num="15" count="2" type="stmt"/>
        <line num="19" count="3" type="stmt"/>
        <line num="22" count="2" type="stmt"/>
        <line num="91" count="1" type="cond" truecount="1" falsecount="1"/>
      </file>
      <file name="RestaurantCard.js" path="C:\Users\eswar\OneDrive\Desktop\React-Practice\src\components\RestaurantCard.js">
        <metrics statements="8" coveredstatements="7" conditionals="6" coveredconditionals="6" methods="3" coveredmethods="2"/>
        <line num="3" count="2" type="stmt"/>
        <line num="4" count="62" type="stmt"/>
        <line num="5" count="62" type="stmt"/>
        <line num="13" count="62" type="cond" truecount="2" falsecount="0"/>
        <line num="15" count="62" type="stmt"/>
        <line num="42" count="2" type="stmt"/>
        <line num="44" count="6" type="stmt"/>
        <line num="45" count="0" type="stmt"/>
      </file>
    </package>
    <package name="utils">
      <metrics statements="1" coveredstatements="1" conditionals="0" coveredconditionals="0" methods="0" coveredmethods="0"/>
      <file name="appStore.js" path="C:\Users\eswar\OneDrive\Desktop\React-Practice\src\utils\appStore.js">
        <metrics statements="1" coveredstatements="1" conditionals="0" coveredconditionals="0" methods="0" coveredmethods="0"/>
        <line num="4" count="1" type="stmt"/>
      </file>
    </package>
  </project>
</coverage>
