{"C:\\Users\\eswar\\OneDrive\\Desktop\\React-Practice\\src\\components\\Body.js": {"path":"C:\\Users\\eswar\\OneDrive\\Desktop\\React-Practice\\src\\components\\Body.js","statementMap":{"0":{"start":{"line":8,"column":13},"end":{"line":79,"column":1}},"1":{"start":{"line":10,"column":38},"end":{"line":10,"column":50}},"2":{"start":{"line":12,"column":76},"end":{"line":12,"column":92}},"3":{"start":{"line":14,"column":29},"end":{"line":14,"column":63}},"4":{"start":{"line":16,"column":23},"end":{"line":16,"column":40}},"5":{"start":{"line":18,"column":2},"end":{"line":20,"column":3}},"6":{"start":{"line":19,"column":4},"end":{"line":19,"column":92}},"7":{"start":{"line":22,"column":2},"end":{"line":24,"column":3}},"8":{"start":{"line":23,"column":4},"end":{"line":23,"column":23}},"9":{"start":{"line":26,"column":2},"end":{"line":78,"column":4}},"10":{"start":{"line":36,"column":29},"end":{"line":36,"column":58}},"11":{"start":{"line":41,"column":42},"end":{"line":43,"column":15}},"12":{"start":{"line":42,"column":16},"end":{"line":42,"column":78}},"13":{"start":{"line":44,"column":14},"end":{"line":44,"column":58}},"14":{"start":{"line":54,"column":40},"end":{"line":56,"column":13}},"15":{"start":{"line":55,"column":23},"end":{"line":55,"column":47}},"16":{"start":{"line":57,"column":12},"end":{"line":57,"column":56}},"17":{"start":{"line":67,"column":10},"end":{"line":74,"column":17}}},"fnMap":{"0":{"name":"(anonymous_0)","decl":{"start":{"line":8,"column":13},"end":{"line":8,"column":14}},"loc":{"start":{"line":8,"column":19},"end":{"line":79,"column":1}},"line":8},"1":{"name":"(anonymous_1)","decl":{"start":{"line":36,"column":22},"end":{"line":36,"column":23}},"loc":{"start":{"line":36,"column":29},"end":{"line":36,"column":58}},"line":36},"2":{"name":"(anonymous_2)","decl":{"start":{"line":40,"column":21},"end":{"line":40,"column":22}},"loc":{"start":{"line":40,"column":27},"end":{"line":45,"column":13}},"line":40},"3":{"name":"(anonymous_3)","decl":{"start":{"line":41,"column":67},"end":{"line":41,"column":68}},"loc":{"start":{"line":42,"column":16},"end":{"line":42,"column":78}},"line":42},"4":{"name":"(anonymous_4)","decl":{"start":{"line":53,"column":19},"end":{"line":53,"column":20}},"loc":{"start":{"line":53,"column":25},"end":{"line":58,"column":11}},"line":53},"5":{"name":"(anonymous_5)","decl":{"start":{"line":55,"column":14},"end":{"line":55,"column":15}},"loc":{"start":{"line":55,"column":23},"end":{"line":55,"column":47}},"line":55},"6":{"name":"(anonymous_6)","decl":{"start":{"line":66,"column":33},"end":{"line":66,"column":34}},"loc":{"start":{"line":67,"column":10},"end":{"line":74,"column":17}},"line":67}},"branchMap":{"0":{"loc":{"start":{"line":18,"column":2},"end":{"line":20,"column":3}},"type":"if","locations":[{"start":{"line":18,"column":2},"end":{"line":20,"column":3}},{"start":{},"end":{}}],"line":18},"1":{"loc":{"start":{"line":22,"column":2},"end":{"line":24,"column":3}},"type":"if","locations":[{"start":{"line":22,"column":2},"end":{"line":24,"column":3}},{"start":{},"end":{}}],"line":22}},"s":{"0":1,"1":6,"2":6,"3":6,"4":6,"5":6,"6":0,"7":6,"8":2,"9":4,"10":1,"11":1,"12":20,"13":1,"14":0,"15":0,"16":0,"17":60},"f":{"0":6,"1":1,"2":1,"3":20,"4":0,"5":0,"6":60},"b":{"0":[0,6],"1":[2,4]},"_coverageSchema":"1a1c01bbd47fc00a2c39e90264f33305004495a9","hash":"d7611139845a064c126377aa4ef80fe7922699cf"}
,"C:\\Users\\eswar\\OneDrive\\Desktop\\React-Practice\\src\\components\\Contact.js": {"path":"C:\\Users\\eswar\\OneDrive\\Desktop\\React-Practice\\src\\components\\Contact.js","statementMap":{"0":{"start":{"line":3,"column":16},"end":{"line":97,"column":1}},"1":{"start":{"line":5,"column":34},"end":{"line":10,"column":4}},"2":{"start":{"line":13,"column":28},"end":{"line":16,"column":3}},"3":{"start":{"line":14,"column":28},"end":{"line":14,"column":36}},"4":{"start":{"line":15,"column":4},"end":{"line":15,"column":48}},"5":{"start":{"line":19,"column":23},"end":{"line":31,"column":3}},"6":{"start":{"line":20,"column":4},"end":{"line":20,"column":23}},"7":{"start":{"line":22,"column":4},"end":{"line":22,"column":28}},"8":{"start":{"line":25,"column":4},"end":{"line":30,"column":7}},"9":{"start":{"line":33,"column":2},"end":{"line":96,"column":4}}},"fnMap":{"0":{"name":"(anonymous_0)","decl":{"start":{"line":3,"column":16},"end":{"line":3,"column":17}},"loc":{"start":{"line":3,"column":22},"end":{"line":97,"column":1}},"line":3},"1":{"name":"(anonymous_1)","decl":{"start":{"line":13,"column":28},"end":{"line":13,"column":29}},"loc":{"start":{"line":13,"column":35},"end":{"line":16,"column":3}},"line":13},"2":{"name":"(anonymous_2)","decl":{"start":{"line":19,"column":23},"end":{"line":19,"column":24}},"loc":{"start":{"line":19,"column":30},"end":{"line":31,"column":3}},"line":19}},"branchMap":{},"s":{"0":1,"1":3,"2":3,"3":0,"4":0,"5":3,"6":0,"7":0,"8":0,"9":3},"f":{"0":3,"1":0,"2":0},"b":{},"_coverageSchema":"1a1c01bbd47fc00a2c39e90264f33305004495a9","hash":"c638485cafc813d56f2e7485dd79415f1e74aba5"}
,"C:\\Users\\eswar\\OneDrive\\Desktop\\React-Practice\\src\\components\\Header.js": {"path":"C:\\Users\\eswar\\OneDrive\\Desktop\\React-Practice\\src\\components\\Header.js","statementMap":{"0":{"start":{"line":11,"column":14},"end":{"line":101,"column":1}},"1":{"start":{"line":13,"column":34},"end":{"line":13,"column":51}},"2":{"start":{"line":15,"column":27},"end":{"line":15,"column":50}},"3":{"start":{"line":19,"column":22},"end":{"line":19,"column":60}},"4":{"start":{"line":19,"column":43},"end":{"line":19,"column":59}},"5":{"start":{"line":22,"column":4},"end":{"line":100,"column":6}},"6":{"start":{"line":91,"column":32},"end":{"line":91,"column":85}}},"fnMap":{"0":{"name":"(anonymous_0)","decl":{"start":{"line":11,"column":14},"end":{"line":11,"column":15}},"loc":{"start":{"line":11,"column":18},"end":{"line":101,"column":1}},"line":11},"1":{"name":"(anonymous_1)","decl":{"start":{"line":19,"column":34},"end":{"line":19,"column":35}},"loc":{"start":{"line":19,"column":43},"end":{"line":19,"column":59}},"line":19},"2":{"name":"(anonymous_2)","decl":{"start":{"line":90,"column":37},"end":{"line":90,"column":38}},"loc":{"start":{"line":90,"column":43},"end":{"line":92,"column":29}},"line":90}},"branchMap":{"0":{"loc":{"start":{"line":91,"column":43},"end":{"line":91,"column":83}},"type":"cond-expr","locations":[{"start":{"line":91,"column":65},"end":{"line":91,"column":73}},{"start":{"line":91,"column":76},"end":{"line":91,"column":83}}],"line":91}},"s":{"0":1,"1":2,"2":2,"3":2,"4":3,"5":2,"6":1},"f":{"0":2,"1":3,"2":1},"b":{"0":[1,0]},"_coverageSchema":"1a1c01bbd47fc00a2c39e90264f33305004495a9","hash":"c4b15b7ca00dbedacc6c82efa0a98113886d013f"}
,"C:\\Users\\eswar\\OneDrive\\Desktop\\React-Practice\\src\\components\\RestaurantCard.js": {"path":"C:\\Users\\eswar\\OneDrive\\Desktop\\React-Practice\\src\\components\\RestaurantCard.js","statementMap":{"0":{"start":{"line":3,"column":23},"end":{"line":35,"column":1}},"1":{"start":{"line":4,"column":22},"end":{"line":4,"column":27}},"2":{"start":{"line":5,"column":2},"end":{"line":5,"column":23}},"3":{"start":{"line":13,"column":6},"end":{"line":13,"column":25}},"4":{"start":{"line":15,"column":2},"end":{"line":34,"column":4}},"5":{"start":{"line":42,"column":34},"end":{"line":56,"column":1}},"6":{"start":{"line":44,"column":2},"end":{"line":55,"column":3}},"7":{"start":{"line":45,"column":4},"end":{"line":52,"column":5}}},"fnMap":{"0":{"name":"(anonymous_0)","decl":{"start":{"line":3,"column":23},"end":{"line":3,"column":24}},"loc":{"start":{"line":3,"column":34},"end":{"line":35,"column":1}},"line":3},"1":{"name":"(anonymous_1)","decl":{"start":{"line":42,"column":34},"end":{"line":42,"column":35}},"loc":{"start":{"line":42,"column":53},"end":{"line":56,"column":1}},"line":42},"2":{"name":"(anonymous_2)","decl":{"start":{"line":44,"column":9},"end":{"line":44,"column":10}},"loc":{"start":{"line":44,"column":20},"end":{"line":55,"column":3}},"line":44}},"branchMap":{"0":{"loc":{"start":{"line":13,"column":6},"end":{"line":13,"column":25}},"type":"binary-expr","locations":[{"start":{"line":13,"column":6},"end":{"line":13,"column":19}},{"start":{"line":13,"column":23},"end":{"line":13,"column":25}}],"line":13},"1":{"loc":{"start":{"line":24,"column":55},"end":{"line":24,"column":145}},"type":"cond-expr","locations":[{"start":{"line":24,"column":88},"end":{"line":24,"column":107}},{"start":{"line":24,"column":110},"end":{"line":24,"column":145}}],"line":24},"2":{"loc":{"start":{"line":24,"column":56},"end":{"line":24,"column":85}},"type":"binary-expr","locations":[{"start":{"line":24,"column":56},"end":{"line":24,"column":64}},{"start":{"line":24,"column":68},"end":{"line":24,"column":85}}],"line":24}},"s":{"0":2,"1":62,"2":62,"3":62,"4":62,"5":2,"6":6,"7":0},"f":{"0":62,"1":6,"2":0},"b":{"0":[62,1],"1":[61,1],"2":[62,61]},"_coverageSchema":"1a1c01bbd47fc00a2c39e90264f33305004495a9","hash":"2e41460e073265dd4377bed39827c61dbd0bcf1c"}
,"C:\\Users\\eswar\\OneDrive\\Desktop\\React-Practice\\src\\utils\\appStore.js": {"path":"C:\\Users\\eswar\\OneDrive\\Desktop\\React-Practice\\src\\utils\\appStore.js","statementMap":{"0":{"start":{"line":4,"column":17},"end":{"line":11,"column":2}}},"fnMap":{},"branchMap":{},"s":{"0":1},"f":{},"b":{},"_coverageSchema":"1a1c01bbd47fc00a2c39e90264f33305004495a9","hash":"6530852883cb483243f2034d3d790fefdb90dd4b"}
}
