{"C:\\Users\\eswar\\OneDrive\\Desktop\\React-Practice\\src\\BasicTests\\Square.js": {"path":"C:\\Users\\eswar\\OneDrive\\Desktop\\React-Practice\\src\\BasicTests\\Square.js","statementMap":{"0":{"start":{"line":1,"column":22},"end":{"line":3,"column":1}},"1":{"start":{"line":2,"column":4},"end":{"line":2,"column":15}}},"fnMap":{"0":{"name":"(anonymous_0)","decl":{"start":{"line":1,"column":22},"end":{"line":1,"column":23}},"loc":{"start":{"line":1,"column":27},"end":{"line":3,"column":1}},"line":1}},"branchMap":{},"s":{"0":1,"1":1},"f":{"0":1},"b":{},"_coverageSchema":"1a1c01bbd47fc00a2c39e90264f33305004495a9","hash":"38db1ed29a412a80a41673417ca86aab2caf9caa"}
,"C:\\Users\\eswar\\OneDrive\\Desktop\\React-Practice\\src\\BasicTests\\Sum.js": {"path":"C:\\Users\\eswar\\OneDrive\\Desktop\\React-Practice\\src\\BasicTests\\Sum.js","statementMap":{"0":{"start":{"line":2,"column":19},"end":{"line":5,"column":1}},"1":{"start":{"line":4,"column":4},"end":{"line":4,"column":15}}},"fnMap":{"0":{"name":"(anonymous_0)","decl":{"start":{"line":2,"column":19},"end":{"line":2,"column":20}},"loc":{"start":{"line":2,"column":26},"end":{"line":5,"column":1}},"line":2}},"branchMap":{},"s":{"0":1,"1":1},"f":{"0":1},"b":{},"_coverageSchema":"1a1c01bbd47fc00a2c39e90264f33305004495a9","hash":"4c3af4c26f0a48081498e53699f9deae7a441786"}
}
