TN:
SF:src\components\Body.js
FN:8,(anonymous_0)
FN:36,(anonymous_1)
FN:40,(anonymous_2)
FN:41,(anonymous_3)
FN:53,(anonymous_4)
FN:55,(anonymous_5)
FN:66,(anonymous_6)
FNF:7
FNH:5
FNDA:6,(anonymous_0)
FNDA:1,(anonymous_1)
FNDA:1,(anonymous_2)
FNDA:20,(anonymous_3)
FNDA:0,(anonymous_4)
FNDA:0,(anonymous_5)
FNDA:60,(anonymous_6)
DA:8,1
DA:10,6
DA:12,6
DA:14,6
DA:16,6
DA:18,6
DA:19,0
DA:22,6
DA:23,2
DA:26,4
DA:36,1
DA:41,1
DA:42,20
DA:44,1
DA:54,0
DA:55,0
DA:57,0
DA:67,60
LF:18
LH:14
BRDA:18,0,0,0
BRDA:18,0,1,6
BRDA:22,1,0,2
BRDA:22,1,1,4
BRF:4
BRH:3
end_of_record
TN:
SF:src\components\Contact.js
FN:3,(anonymous_0)
FN:13,(anonymous_1)
FN:19,(anonymous_2)
FNF:3
FNH:1
FNDA:3,(anonymous_0)
FNDA:0,(anonymous_1)
FNDA:0,(anonymous_2)
DA:3,1
DA:5,3
DA:13,3
DA:14,0
DA:15,0
DA:19,3
DA:20,0
DA:22,0
DA:25,0
DA:33,3
LF:10
LH:5
BRF:0
BRH:0
end_of_record
TN:
SF:src\components\Header.js
FN:11,(anonymous_0)
FN:19,(anonymous_1)
FN:90,(anonymous_2)
FNF:3
FNH:3
FNDA:2,(anonymous_0)
FNDA:3,(anonymous_1)
FNDA:1,(anonymous_2)
DA:11,1
DA:13,2
DA:15,2
DA:19,3
DA:22,2
DA:91,1
LF:6
LH:6
BRDA:91,0,0,1
BRDA:91,0,1,0
BRF:2
BRH:1
end_of_record
TN:
SF:src\components\RestaurantCard.js
FN:3,(anonymous_0)
FN:42,(anonymous_1)
FN:44,(anonymous_2)
FNF:3
FNH:2
FNDA:62,(anonymous_0)
FNDA:6,(anonymous_1)
FNDA:0,(anonymous_2)
DA:3,2
DA:4,62
DA:5,62
DA:13,62
DA:15,62
DA:42,2
DA:44,6
DA:45,0
LF:8
LH:7
BRDA:13,0,0,62
BRDA:13,0,1,1
BRDA:24,1,0,61
BRDA:24,1,1,1
BRDA:24,2,0,62
BRDA:24,2,1,61
BRF:6
BRH:6
end_of_record
TN:
SF:src\utils\appStore.js
FNF:0
FNH:0
DA:4,1
LF:1
LH:1
BRF:0
BRH:0
end_of_record
